2020-08-18 12:24:07,207:INFO:PyCaret Classification Module
2020-08-18 12:24:07,208:INFO:version 2.0
2020-08-18 12:24:07,208:INFO:Initializing setup()
2020-08-18 12:24:07,208:INFO:USI: aad8
2020-08-18 12:24:07,209:INFO:setup(data=(22800, 24), target=default, train_size=0.7, sampling=True, sample_estimator=None, categorical_features=None, categorical_imputation=constant, ordinal_features=None,
                    high_cardinality_features=None, high_cardinality_method=frequency, numeric_features=None, numeric_imputation=mean, date_features=None, ignore_features=None, normalize=False,
                    normalize_method=zscore, transformation=False, transformation_method=yeo-johnson, handle_unknown_categorical=True, unknown_categorical_method=least_frequent, pca=False, pca_method=linear,
                    pca_components=None, ignore_low_variance=False, combine_rare_levels=False, rare_level_threshold=0.1, bin_numeric_features=None, remove_outliers=False, outliers_threshold=0.05,
                    remove_multicollinearity=False, multicollinearity_threshold=0.9, remove_perfect_collinearity=False, create_clusters=False, cluster_iter=20,
                    polynomial_features=False, polynomial_degree=2, trigonometry_features=False, polynomial_threshold=0.1, group_features=None,
                    group_names=None, feature_selection=False, feature_selection_threshold=0.8, feature_interaction=False, feature_ratio=False, interaction_threshold=0.01,
                    fix_imbalance=False, fix_imbalance_method=None, data_split_shuffle=True, folds_shuffle=False, n_jobs=-1, html=True, session_id=123, log_experiment=False,
                    experiment_name=None, log_plots=False, log_profile=False, log_data=False, silent=False, verbose=True, profile=False)
2020-08-18 12:24:07,209:INFO:Checking environment
2020-08-18 12:24:07,209:INFO:python_version: 3.7.6
2020-08-18 12:24:07,209:INFO:python_build: ('default', 'Jan  8 2020 20:23:39')
2020-08-18 12:24:07,210:INFO:machine: AMD64
2020-08-18 12:24:07,210:INFO:platform: Windows-10-10.0.18362-SP0
2020-08-18 12:24:07,210:INFO:Memory: svmem(total=8160575488, available=2208083968, percent=72.9, used=5952491520, free=2208083968)
2020-08-18 12:24:07,210:INFO:Physical Core: 4
2020-08-18 12:24:07,211:INFO:Logical Core: 8
2020-08-18 12:24:07,211:INFO:Checking libraries
2020-08-18 12:24:07,211:INFO:pd==1.0.1
2020-08-18 12:24:07,211:INFO:numpy==1.18.1
2020-08-18 12:24:07,263:INFO:sklearn==0.23.2
2020-08-18 12:24:08,284:INFO:xgboost==1.1.1
2020-08-18 12:24:08,314:INFO:lightgbm==2.3.1
2020-08-18 12:24:08,404:INFO:catboost==0.23.2
2020-08-18 12:24:10,633:INFO:mlflow==1.10.0
2020-08-18 12:24:10,634:INFO:Checking Exceptions
2020-08-18 12:24:10,634:INFO:Preloading libraries
2020-08-18 12:24:10,634:INFO:Preparing display monitor
2020-08-18 12:24:10,657:INFO:Importing libraries
2020-08-18 12:24:11,863:INFO:Copying data for preprocessing
2020-08-18 12:24:11,865:INFO:Declaring global variables
2020-08-18 12:24:11,872:INFO:Declaring preprocessing parameters
2020-08-18 12:24:11,872:INFO:Importing preprocessing module
2020-08-18 12:24:13,127:INFO:Creating preprocessing pipeline
2020-08-18 12:24:22,560:INFO:Preprocessing pipeline created successfully
2020-08-18 12:24:22,560:INFO:Creating grid variables
2020-08-18 12:24:22,563:INFO:Creating global containers
2020-08-18 12:24:22,670:INFO:create_model_container 0
2020-08-18 12:24:22,671:INFO:master_model_container 0
2020-08-18 12:24:22,671:INFO:display_container 0
2020-08-18 12:24:22,676:INFO:Pipeline(memory=None,
         steps=[('dtypes',
                 DataTypes_Auto_infer(categorical_features=[],
                                      display_types=True, features_todrop=[],
                                      ml_usecase='classification',
                                      numerical_features=[], target='default',
                                      time_features=[])),
                ('imputer',
                 Simple_Imputer(categorical_strategy='not_available',
                                numeric_strategy='mean',
                                target_variable=None)),
                ('new_levels1',
                 New_Catagorical_Le...
                ('group', Empty()), ('nonliner', Empty()), ('scaling', Empty()),
                ('P_transform', Empty()), ('pt_target', Empty()),
                ('binn', Empty()), ('rem_outliers', Empty()),
                ('cluster_all', Empty()), ('dummy', Dummify(target='default')),
                ('fix_perfect', Empty()), ('clean_names', Clean_Colum_Names()),
                ('feature_select', Empty()), ('fix_multi', Empty()),
                ('dfs', Empty()), ('pca', Empty())],
         verbose=False)
2020-08-18 12:24:22,676:INFO:setup() succesfully completed......................................
2020-08-18 12:27:48,592:INFO:PyCaret Classification Module
2020-08-18 12:27:48,593:INFO:version 2.0
2020-08-18 12:27:48,593:INFO:Initializing setup()
2020-08-18 12:27:48,593:INFO:USI: 8059
2020-08-18 12:27:48,594:INFO:setup(data=(22800, 24), target=default, train_size=0.7, sampling=True, sample_estimator=None, categorical_features=None, categorical_imputation=constant, ordinal_features=None,
                    high_cardinality_features=None, high_cardinality_method=frequency, numeric_features=None, numeric_imputation=mean, date_features=None, ignore_features=None, normalize=False,
                    normalize_method=zscore, transformation=False, transformation_method=yeo-johnson, handle_unknown_categorical=True, unknown_categorical_method=least_frequent, pca=False, pca_method=linear,
                    pca_components=None, ignore_low_variance=False, combine_rare_levels=False, rare_level_threshold=0.1, bin_numeric_features=None, remove_outliers=False, outliers_threshold=0.05,
                    remove_multicollinearity=False, multicollinearity_threshold=0.9, remove_perfect_collinearity=False, create_clusters=False, cluster_iter=20,
                    polynomial_features=False, polynomial_degree=2, trigonometry_features=False, polynomial_threshold=0.1, group_features=None,
                    group_names=None, feature_selection=False, feature_selection_threshold=0.8, feature_interaction=False, feature_ratio=False, interaction_threshold=0.01,
                    fix_imbalance=False, fix_imbalance_method=None, data_split_shuffle=True, folds_shuffle=False, n_jobs=-1, html=True, session_id=123, log_experiment=False,
                    experiment_name=None, log_plots=False, log_profile=False, log_data=False, silent=False, verbose=True, profile=False)
2020-08-18 12:27:48,594:INFO:Checking environment
2020-08-18 12:27:48,594:INFO:python_version: 3.7.6
2020-08-18 12:27:48,594:INFO:python_build: ('default', 'Jan  8 2020 20:23:39')
2020-08-18 12:27:48,594:INFO:machine: AMD64
2020-08-18 12:27:48,594:INFO:platform: Windows-10-10.0.18362-SP0
2020-08-18 12:27:48,595:INFO:Memory: svmem(total=8160575488, available=555003904, percent=93.2, used=7605571584, free=555003904)
2020-08-18 12:27:48,595:INFO:Physical Core: 4
2020-08-18 12:27:48,595:INFO:Logical Core: 8
2020-08-18 12:27:48,595:INFO:Checking libraries
2020-08-18 12:27:48,595:INFO:pd==1.0.1
2020-08-18 12:27:48,595:INFO:numpy==1.18.1
2020-08-18 12:27:48,595:INFO:sklearn==0.23.2
2020-08-18 12:27:48,595:INFO:xgboost==1.1.1
2020-08-18 12:27:48,595:INFO:lightgbm==2.3.1
2020-08-18 12:27:48,595:INFO:catboost==0.23.2
2020-08-18 12:27:48,595:INFO:mlflow==1.10.0
2020-08-18 12:27:48,596:INFO:Checking Exceptions
2020-08-18 12:27:48,596:INFO:Preloading libraries
2020-08-18 12:27:48,596:INFO:Preparing display monitor
2020-08-18 12:27:48,625:INFO:Importing libraries
2020-08-18 12:27:48,680:INFO:Copying data for preprocessing
2020-08-18 12:27:48,682:INFO:Declaring global variables
2020-08-18 12:27:48,688:INFO:Declaring preprocessing parameters
2020-08-18 12:27:48,688:INFO:Importing preprocessing module
2020-08-18 12:27:48,688:INFO:Creating preprocessing pipeline
2020-08-18 12:28:15,311:INFO:Preprocessing pipeline created successfully
2020-08-18 12:28:15,312:INFO:Creating grid variables
2020-08-18 12:28:15,315:INFO:Creating global containers
2020-08-18 12:28:15,508:INFO:create_model_container 0
2020-08-18 12:28:15,508:INFO:master_model_container 0
2020-08-18 12:28:15,508:INFO:display_container 0
2020-08-18 12:28:15,524:INFO:Pipeline(memory=None,
         steps=[('dtypes',
                 DataTypes_Auto_infer(categorical_features=[],
                                      display_types=True, features_todrop=[],
                                      ml_usecase='classification',
                                      numerical_features=[], target='default',
                                      time_features=[])),
                ('imputer',
                 Simple_Imputer(categorical_strategy='not_available',
                                numeric_strategy='mean',
                                target_variable=None)),
                ('new_levels1',
                 New_Catagorical_Le...
                ('group', Empty()), ('nonliner', Empty()), ('scaling', Empty()),
                ('P_transform', Empty()), ('pt_target', Empty()),
                ('binn', Empty()), ('rem_outliers', Empty()),
                ('cluster_all', Empty()), ('dummy', Dummify(target='default')),
                ('fix_perfect', Empty()), ('clean_names', Clean_Colum_Names()),
                ('feature_select', Empty()), ('fix_multi', Empty()),
                ('dfs', Empty()), ('pca', Empty())],
         verbose=False)
2020-08-18 12:28:15,524:INFO:setup() succesfully completed......................................
2020-08-18 14:55:41,722:INFO:Initializing compare_models()
2020-08-18 14:55:41,724:INFO:compare_models(blacklist=None, whitelist=None, fold=10, round=4, sort=Accuracy, n_select=1, turbo=True, verbose=True)
2020-08-18 14:55:41,724:INFO:Checking exceptions
2020-08-18 14:56:58,477:INFO:PyCaret Classification Module
2020-08-18 14:56:58,477:INFO:version 2.0
2020-08-18 14:56:58,477:INFO:Initializing setup()
2020-08-18 14:56:58,479:INFO:USI: 6f57
2020-08-18 14:56:58,479:INFO:setup(data=(22800, 24), target=default, train_size=0.7, sampling=True, sample_estimator=None, categorical_features=None, categorical_imputation=constant, ordinal_features=None,
                    high_cardinality_features=None, high_cardinality_method=frequency, numeric_features=None, numeric_imputation=mean, date_features=None, ignore_features=None, normalize=False,
                    normalize_method=zscore, transformation=False, transformation_method=yeo-johnson, handle_unknown_categorical=True, unknown_categorical_method=least_frequent, pca=False, pca_method=linear,
                    pca_components=None, ignore_low_variance=False, combine_rare_levels=False, rare_level_threshold=0.1, bin_numeric_features=None, remove_outliers=False, outliers_threshold=0.05,
                    remove_multicollinearity=False, multicollinearity_threshold=0.9, remove_perfect_collinearity=False, create_clusters=False, cluster_iter=20,
                    polynomial_features=False, polynomial_degree=2, trigonometry_features=False, polynomial_threshold=0.1, group_features=None,
                    group_names=None, feature_selection=False, feature_selection_threshold=0.8, feature_interaction=False, feature_ratio=False, interaction_threshold=0.01,
                    fix_imbalance=False, fix_imbalance_method=None, data_split_shuffle=True, folds_shuffle=False, n_jobs=-1, html=True, session_id=123, log_experiment=False,
                    experiment_name=None, log_plots=False, log_profile=False, log_data=False, silent=False, verbose=True, profile=False)
2020-08-18 14:56:58,480:INFO:Checking environment
2020-08-18 14:56:58,480:INFO:python_version: 3.7.6
2020-08-18 14:56:58,480:INFO:python_build: ('default', 'Jan  8 2020 20:23:39')
2020-08-18 14:56:58,481:INFO:machine: AMD64
2020-08-18 14:56:58,481:INFO:platform: Windows-10-10.0.18362-SP0
2020-08-18 14:56:58,481:INFO:Memory: svmem(total=8160575488, available=945233920, percent=88.4, used=7215341568, free=945233920)
2020-08-18 14:56:58,481:INFO:Physical Core: 4
2020-08-18 14:56:58,482:INFO:Logical Core: 8
2020-08-18 14:56:58,482:INFO:Checking libraries
2020-08-18 14:56:58,482:INFO:pd==1.0.1
2020-08-18 14:56:58,482:INFO:numpy==1.18.1
2020-08-18 14:56:58,539:INFO:sklearn==0.23.2
2020-08-18 14:56:59,372:INFO:xgboost==1.1.1
2020-08-18 14:56:59,398:INFO:lightgbm==2.3.1
2020-08-18 14:56:59,474:INFO:catboost==0.23.2
2020-08-18 14:57:01,254:INFO:mlflow==1.10.0
2020-08-18 14:57:01,254:INFO:Checking Exceptions
2020-08-18 14:57:01,254:INFO:Preloading libraries
2020-08-18 14:57:01,254:INFO:Preparing display monitor
2020-08-18 14:57:01,267:INFO:Importing libraries
2020-08-18 14:57:02,212:INFO:Copying data for preprocessing
2020-08-18 14:57:02,214:INFO:Declaring global variables
2020-08-18 14:57:02,221:INFO:Declaring preprocessing parameters
2020-08-18 14:57:02,222:INFO:Importing preprocessing module
2020-08-18 14:57:02,615:INFO:Creating preprocessing pipeline
2020-08-18 14:57:54,586:INFO:Preprocessing pipeline created successfully
2020-08-18 14:57:54,586:INFO:Creating grid variables
2020-08-18 14:57:54,589:INFO:Creating global containers
2020-08-18 14:57:54,688:INFO:create_model_container 0
2020-08-18 14:57:54,688:INFO:master_model_container 0
2020-08-18 14:57:54,688:INFO:display_container 0
2020-08-18 14:57:54,695:INFO:Pipeline(memory=None,
         steps=[('dtypes',
                 DataTypes_Auto_infer(categorical_features=[],
                                      display_types=True, features_todrop=[],
                                      ml_usecase='classification',
                                      numerical_features=[], target='default',
                                      time_features=[])),
                ('imputer',
                 Simple_Imputer(categorical_strategy='not_available',
                                numeric_strategy='mean',
                                target_variable=None)),
                ('new_levels1',
                 New_Catagorical_Le...
                ('group', Empty()), ('nonliner', Empty()), ('scaling', Empty()),
                ('P_transform', Empty()), ('pt_target', Empty()),
                ('binn', Empty()), ('rem_outliers', Empty()),
                ('cluster_all', Empty()), ('dummy', Dummify(target='default')),
                ('fix_perfect', Empty()), ('clean_names', Clean_Colum_Names()),
                ('feature_select', Empty()), ('fix_multi', Empty()),
                ('dfs', Empty()), ('pca', Empty())],
         verbose=False)
2020-08-18 14:57:54,695:INFO:setup() succesfully completed......................................
2020-08-18 14:58:11,911:INFO:Initializing compare_models()
2020-08-18 14:58:11,911:INFO:compare_models(blacklist=None, whitelist=None, fold=10, round=4, sort=Accuracy, n_select=1, turbo=True, verbose=True)
2020-08-18 14:58:11,911:INFO:Checking exceptions
2020-08-18 14:58:11,914:INFO:Preloading libraries
2020-08-18 14:58:11,914:INFO:Preparing display monitor
2020-08-18 14:58:11,941:INFO:Copying training dataset
2020-08-18 14:58:11,942:INFO:Importing libraries
2020-08-18 14:58:11,986:INFO:Importing untrained models
2020-08-18 14:58:11,987:INFO:Import successful
2020-08-18 14:58:11,997:INFO:Defining folds
2020-08-18 14:58:11,997:INFO:Declaring metric variables
2020-08-18 14:58:11,997:INFO:Initializing Logistic Regression
2020-08-18 14:58:12,005:INFO:Initializing Fold 1
2020-08-18 14:58:12,020:INFO:Fitting Model
2020-08-18 14:58:12,279:INFO:Evaluating Metrics
2020-08-18 14:58:12,291:INFO:Compiling Metrics
2020-08-18 14:58:12,303:INFO:Initializing Fold 2
2020-08-18 14:58:12,316:INFO:Fitting Model
2020-08-18 14:58:12,517:INFO:Evaluating Metrics
2020-08-18 14:58:12,529:INFO:Compiling Metrics
2020-08-18 14:58:12,535:INFO:Initializing Fold 3
2020-08-18 14:58:12,548:INFO:Fitting Model
2020-08-18 14:58:12,752:INFO:Evaluating Metrics
2020-08-18 14:58:12,762:INFO:Compiling Metrics
2020-08-18 14:58:12,769:INFO:Initializing Fold 4
2020-08-18 14:58:12,783:INFO:Fitting Model
2020-08-18 14:58:12,971:INFO:Evaluating Metrics
2020-08-18 14:58:12,983:INFO:Compiling Metrics
2020-08-18 14:58:12,992:INFO:Initializing Fold 5
2020-08-18 14:58:13,006:INFO:Fitting Model
2020-08-18 14:58:13,199:INFO:Evaluating Metrics
2020-08-18 14:58:13,211:INFO:Compiling Metrics
2020-08-18 14:58:13,217:INFO:Initializing Fold 6
2020-08-18 14:58:13,231:INFO:Fitting Model
2020-08-18 14:58:13,426:INFO:Evaluating Metrics
2020-08-18 14:58:13,436:INFO:Compiling Metrics
2020-08-18 14:58:13,443:INFO:Initializing Fold 7
2020-08-18 14:58:13,456:INFO:Fitting Model
2020-08-18 14:58:13,639:INFO:Evaluating Metrics
2020-08-18 14:58:13,652:INFO:Compiling Metrics
2020-08-18 14:58:13,662:INFO:Initializing Fold 8
2020-08-18 14:58:13,675:INFO:Fitting Model
2020-08-18 14:58:13,860:INFO:Evaluating Metrics
2020-08-18 14:58:13,873:INFO:Compiling Metrics
2020-08-18 14:58:13,882:INFO:Initializing Fold 9
2020-08-18 14:58:13,895:INFO:Fitting Model
2020-08-18 14:58:14,078:INFO:Evaluating Metrics
2020-08-18 14:58:14,089:INFO:Compiling Metrics
2020-08-18 14:58:14,099:INFO:Initializing Fold 10
2020-08-18 14:58:14,112:INFO:Fitting Model
2020-08-18 14:58:14,304:INFO:Evaluating Metrics
2020-08-18 14:58:14,314:INFO:Compiling Metrics
2020-08-18 14:58:14,324:INFO:Calculating mean and std
2020-08-18 14:58:14,324:INFO:Creating metrics dataframe
2020-08-18 14:58:14,335:INFO:Initializing K Neighbors Classifier
2020-08-18 14:58:14,342:INFO:Initializing Fold 1
2020-08-18 14:58:14,355:INFO:Fitting Model
2020-08-18 14:58:14,709:INFO:Evaluating Metrics
2020-08-18 14:58:15,183:INFO:Compiling Metrics
2020-08-18 14:58:15,191:INFO:Initializing Fold 2
2020-08-18 14:58:15,203:INFO:Fitting Model
2020-08-18 14:58:15,657:INFO:Evaluating Metrics
2020-08-18 14:58:16,146:INFO:Compiling Metrics
2020-08-18 14:58:16,154:INFO:Initializing Fold 3
2020-08-18 14:58:16,169:INFO:Fitting Model
2020-08-18 14:58:16,600:INFO:Evaluating Metrics
2020-08-18 14:58:17,078:INFO:Compiling Metrics
2020-08-18 14:58:17,099:INFO:Initializing Fold 4
2020-08-18 14:58:17,115:INFO:Fitting Model
2020-08-18 14:58:17,523:INFO:Evaluating Metrics
2020-08-18 14:58:18,001:INFO:Compiling Metrics
2020-08-18 14:58:18,011:INFO:Initializing Fold 5
2020-08-18 14:58:18,028:INFO:Fitting Model
2020-08-18 14:58:18,422:INFO:Evaluating Metrics
2020-08-18 14:58:18,937:INFO:Compiling Metrics
2020-08-18 14:58:18,948:INFO:Initializing Fold 6
2020-08-18 14:58:18,962:INFO:Fitting Model
2020-08-18 14:58:19,378:INFO:Evaluating Metrics
2020-08-18 14:58:19,768:INFO:Compiling Metrics
2020-08-18 14:58:19,780:INFO:Initializing Fold 7
2020-08-18 14:58:19,797:INFO:Fitting Model
2020-08-18 14:58:20,154:INFO:Evaluating Metrics
2020-08-18 14:58:20,646:INFO:Compiling Metrics
2020-08-18 14:58:20,659:INFO:Initializing Fold 8
2020-08-18 14:58:20,677:INFO:Fitting Model
2020-08-18 14:58:21,089:INFO:Evaluating Metrics
2020-08-18 14:58:21,455:INFO:Compiling Metrics
2020-08-18 14:58:21,462:INFO:Initializing Fold 9
2020-08-18 14:58:21,473:INFO:Fitting Model
2020-08-18 14:58:21,827:INFO:Evaluating Metrics
2020-08-18 14:58:22,181:INFO:Compiling Metrics
2020-08-18 14:58:22,190:INFO:Initializing Fold 10
2020-08-18 14:58:22,202:INFO:Fitting Model
2020-08-18 14:58:22,545:INFO:Evaluating Metrics
2020-08-18 14:58:22,803:INFO:Compiling Metrics
2020-08-18 14:58:22,811:INFO:Calculating mean and std
2020-08-18 14:58:22,812:INFO:Creating metrics dataframe
2020-08-18 14:58:22,826:INFO:Initializing Naive Bayes
2020-08-18 14:58:22,834:INFO:Initializing Fold 1
2020-08-18 14:58:22,851:INFO:Fitting Model
2020-08-18 14:58:22,881:INFO:Evaluating Metrics
2020-08-18 14:58:22,900:INFO:Compiling Metrics
2020-08-18 14:58:22,909:INFO:Initializing Fold 2
2020-08-18 14:58:22,925:INFO:Fitting Model
2020-08-18 14:58:22,967:INFO:Evaluating Metrics
2020-08-18 14:58:22,989:INFO:Compiling Metrics
2020-08-18 14:58:22,997:INFO:Initializing Fold 3
2020-08-18 14:58:23,010:INFO:Fitting Model
2020-08-18 14:58:23,043:INFO:Evaluating Metrics
2020-08-18 14:58:23,063:INFO:Compiling Metrics
2020-08-18 14:58:23,072:INFO:Initializing Fold 4
2020-08-18 14:58:23,084:INFO:Fitting Model
2020-08-18 14:58:23,120:INFO:Evaluating Metrics
2020-08-18 14:58:23,138:INFO:Compiling Metrics
2020-08-18 14:58:23,148:INFO:Initializing Fold 5
2020-08-18 14:58:23,170:INFO:Fitting Model
2020-08-18 14:58:23,200:INFO:Evaluating Metrics
2020-08-18 14:58:23,215:INFO:Compiling Metrics
2020-08-18 14:58:23,223:INFO:Initializing Fold 6
2020-08-18 14:58:23,236:INFO:Fitting Model
2020-08-18 14:58:23,261:INFO:Evaluating Metrics
2020-08-18 14:58:23,276:INFO:Compiling Metrics
2020-08-18 14:58:23,283:INFO:Initializing Fold 7
2020-08-18 14:58:23,296:INFO:Fitting Model
2020-08-18 14:58:23,322:INFO:Evaluating Metrics
2020-08-18 14:58:23,349:INFO:Compiling Metrics
2020-08-18 14:58:23,359:INFO:Initializing Fold 8
2020-08-18 14:58:23,374:INFO:Fitting Model
2020-08-18 14:58:23,405:INFO:Evaluating Metrics
2020-08-18 14:58:23,420:INFO:Compiling Metrics
2020-08-18 14:58:23,427:INFO:Initializing Fold 9
2020-08-18 14:58:23,438:INFO:Fitting Model
2020-08-18 14:58:23,476:INFO:Evaluating Metrics
2020-08-18 14:58:23,498:INFO:Compiling Metrics
2020-08-18 14:58:23,507:INFO:Initializing Fold 10
2020-08-18 14:58:23,521:INFO:Fitting Model
2020-08-18 14:58:23,548:INFO:Evaluating Metrics
2020-08-18 14:58:23,562:INFO:Compiling Metrics
2020-08-18 14:58:23,571:INFO:Calculating mean and std
2020-08-18 14:58:23,571:INFO:Creating metrics dataframe
2020-08-18 14:58:23,582:INFO:Initializing Decision Tree Classifier
2020-08-18 14:58:23,591:INFO:Initializing Fold 1
2020-08-18 14:58:23,604:INFO:Fitting Model
2020-08-18 14:58:24,133:INFO:Evaluating Metrics
2020-08-18 14:58:24,154:INFO:Compiling Metrics
2020-08-18 14:58:24,162:INFO:Initializing Fold 2
2020-08-18 14:58:24,179:INFO:Fitting Model
2020-08-18 14:58:24,609:INFO:Evaluating Metrics
2020-08-18 14:58:24,623:INFO:Compiling Metrics
2020-08-18 14:58:24,630:INFO:Initializing Fold 3
2020-08-18 14:58:24,643:INFO:Fitting Model
2020-08-18 14:58:25,107:INFO:Evaluating Metrics
2020-08-18 14:58:25,127:INFO:Compiling Metrics
2020-08-18 14:58:25,142:INFO:Initializing Fold 4
2020-08-18 14:58:25,165:INFO:Fitting Model
2020-08-18 14:58:25,616:INFO:Evaluating Metrics
2020-08-18 14:58:25,631:INFO:Compiling Metrics
2020-08-18 14:58:25,642:INFO:Initializing Fold 5
2020-08-18 14:58:25,655:INFO:Fitting Model
2020-08-18 14:58:26,042:INFO:Evaluating Metrics
2020-08-18 14:58:26,051:INFO:Compiling Metrics
2020-08-18 14:58:26,062:INFO:Initializing Fold 6
2020-08-18 14:58:26,075:INFO:Fitting Model
2020-08-18 14:58:26,424:INFO:Evaluating Metrics
2020-08-18 14:58:26,433:INFO:Compiling Metrics
2020-08-18 14:58:26,441:INFO:Initializing Fold 7
2020-08-18 14:58:26,453:INFO:Fitting Model
2020-08-18 14:58:26,812:INFO:Evaluating Metrics
2020-08-18 14:58:26,824:INFO:Compiling Metrics
2020-08-18 14:58:26,834:INFO:Initializing Fold 8
2020-08-18 14:58:26,846:INFO:Fitting Model
2020-08-18 14:58:27,226:INFO:Evaluating Metrics
2020-08-18 14:58:27,241:INFO:Compiling Metrics
2020-08-18 14:58:27,249:INFO:Initializing Fold 9
2020-08-18 14:58:27,265:INFO:Fitting Model
2020-08-18 14:58:27,716:INFO:Evaluating Metrics
2020-08-18 14:58:27,728:INFO:Compiling Metrics
2020-08-18 14:58:27,740:INFO:Initializing Fold 10
2020-08-18 14:58:27,752:INFO:Fitting Model
2020-08-18 14:58:28,246:INFO:Evaluating Metrics
2020-08-18 14:58:28,258:INFO:Compiling Metrics
2020-08-18 14:58:28,270:INFO:Calculating mean and std
2020-08-18 14:58:28,271:INFO:Creating metrics dataframe
2020-08-18 14:58:28,287:INFO:Initializing SVM - Linear Kernel
2020-08-18 14:58:28,296:INFO:Initializing Fold 1
2020-08-18 14:58:28,313:INFO:Fitting Model
2020-08-18 14:58:28,847:INFO:Evaluating Metrics
2020-08-18 14:58:28,848:WARNING:model has no predict_proba attribute. pred_prob set to 0.00
2020-08-18 14:58:28,852:WARNING:model has no predict_proba attribute. AUC set to 0.00
2020-08-18 14:58:28,857:INFO:Compiling Metrics
2020-08-18 14:58:28,868:INFO:Initializing Fold 2
2020-08-18 14:58:28,886:INFO:Fitting Model
2020-08-18 14:58:29,312:INFO:Evaluating Metrics
2020-08-18 14:58:29,312:WARNING:model has no predict_proba attribute. pred_prob set to 0.00
2020-08-18 14:58:29,318:WARNING:model has no predict_proba attribute. AUC set to 0.00
2020-08-18 14:58:29,323:INFO:Compiling Metrics
2020-08-18 14:58:29,334:INFO:Initializing Fold 3
2020-08-18 14:58:29,349:INFO:Fitting Model
2020-08-18 14:58:29,846:INFO:Evaluating Metrics
2020-08-18 14:58:29,846:WARNING:model has no predict_proba attribute. pred_prob set to 0.00
2020-08-18 14:58:29,853:WARNING:model has no predict_proba attribute. AUC set to 0.00
2020-08-18 14:58:29,860:INFO:Compiling Metrics
2020-08-18 14:58:29,872:INFO:Initializing Fold 4
2020-08-18 14:58:29,889:INFO:Fitting Model
2020-08-18 14:58:30,232:INFO:Evaluating Metrics
2020-08-18 14:58:30,232:WARNING:model has no predict_proba attribute. pred_prob set to 0.00
2020-08-18 14:58:30,237:WARNING:model has no predict_proba attribute. AUC set to 0.00
2020-08-18 14:58:30,243:INFO:Compiling Metrics
2020-08-18 14:58:30,254:INFO:Initializing Fold 5
2020-08-18 14:58:30,273:INFO:Fitting Model
2020-08-18 14:58:31,060:INFO:Evaluating Metrics
2020-08-18 14:58:31,060:WARNING:model has no predict_proba attribute. pred_prob set to 0.00
2020-08-18 14:58:31,067:WARNING:model has no predict_proba attribute. AUC set to 0.00
2020-08-18 14:58:31,071:INFO:Compiling Metrics
2020-08-18 14:58:31,085:INFO:Initializing Fold 6
2020-08-18 14:58:31,103:INFO:Fitting Model
2020-08-18 14:58:31,900:INFO:Evaluating Metrics
2020-08-18 14:58:31,900:WARNING:model has no predict_proba attribute. pred_prob set to 0.00
2020-08-18 14:58:31,903:WARNING:model has no predict_proba attribute. AUC set to 0.00
2020-08-18 14:58:31,909:INFO:Compiling Metrics
2020-08-18 14:58:31,918:INFO:Initializing Fold 7
2020-08-18 14:58:31,932:INFO:Fitting Model
2020-08-18 14:58:32,575:INFO:Evaluating Metrics
2020-08-18 14:58:32,575:WARNING:model has no predict_proba attribute. pred_prob set to 0.00
2020-08-18 14:58:32,579:WARNING:model has no predict_proba attribute. AUC set to 0.00
2020-08-18 14:58:32,581:INFO:Compiling Metrics
2020-08-18 14:58:32,588:INFO:Initializing Fold 8
2020-08-18 14:58:32,601:INFO:Fitting Model
2020-08-18 14:58:32,915:INFO:Evaluating Metrics
2020-08-18 14:58:32,915:WARNING:model has no predict_proba attribute. pred_prob set to 0.00
2020-08-18 14:58:32,919:WARNING:model has no predict_proba attribute. AUC set to 0.00
2020-08-18 14:58:32,922:INFO:Compiling Metrics
2020-08-18 14:58:32,930:INFO:Initializing Fold 9
2020-08-18 14:58:32,945:INFO:Fitting Model
2020-08-18 14:58:33,611:INFO:Evaluating Metrics
2020-08-18 14:58:33,611:WARNING:model has no predict_proba attribute. pred_prob set to 0.00
2020-08-18 14:58:33,618:WARNING:model has no predict_proba attribute. AUC set to 0.00
2020-08-18 14:58:33,622:INFO:Compiling Metrics
2020-08-18 14:58:33,636:INFO:Initializing Fold 10
2020-08-18 14:58:33,653:INFO:Fitting Model
2020-08-18 14:58:34,319:INFO:Evaluating Metrics
2020-08-18 14:58:34,320:WARNING:model has no predict_proba attribute. pred_prob set to 0.00
2020-08-18 14:58:34,327:WARNING:model has no predict_proba attribute. AUC set to 0.00
2020-08-18 14:58:34,333:INFO:Compiling Metrics
2020-08-18 14:58:34,344:INFO:Calculating mean and std
2020-08-18 14:58:34,344:INFO:Creating metrics dataframe
2020-08-18 14:58:34,361:INFO:Initializing Ridge Classifier
2020-08-18 14:58:34,371:INFO:Initializing Fold 1
2020-08-18 14:58:34,388:INFO:Fitting Model
2020-08-18 14:58:34,485:INFO:Evaluating Metrics
2020-08-18 14:58:34,485:WARNING:model has no predict_proba attribute. pred_prob set to 0.00
2020-08-18 14:58:34,510:WARNING:model has no predict_proba attribute. AUC set to 0.00
2020-08-18 14:58:34,515:INFO:Compiling Metrics
2020-08-18 14:58:34,531:INFO:Initializing Fold 2
2020-08-18 14:58:34,546:INFO:Fitting Model
2020-08-18 14:58:34,587:INFO:Evaluating Metrics
2020-08-18 14:58:34,588:WARNING:model has no predict_proba attribute. pred_prob set to 0.00
2020-08-18 14:58:34,593:WARNING:model has no predict_proba attribute. AUC set to 0.00
2020-08-18 14:58:34,598:INFO:Compiling Metrics
2020-08-18 14:58:34,608:INFO:Initializing Fold 3
2020-08-18 14:58:34,622:INFO:Fitting Model
2020-08-18 14:58:34,666:INFO:Evaluating Metrics
2020-08-18 14:58:34,666:WARNING:model has no predict_proba attribute. pred_prob set to 0.00
2020-08-18 14:58:34,671:WARNING:model has no predict_proba attribute. AUC set to 0.00
2020-08-18 14:58:34,674:INFO:Compiling Metrics
2020-08-18 14:58:34,684:INFO:Initializing Fold 4
2020-08-18 14:58:34,700:INFO:Fitting Model
2020-08-18 14:58:34,742:INFO:Evaluating Metrics
2020-08-18 14:58:34,742:WARNING:model has no predict_proba attribute. pred_prob set to 0.00
2020-08-18 14:58:34,747:WARNING:model has no predict_proba attribute. AUC set to 0.00
2020-08-18 14:58:34,752:INFO:Compiling Metrics
2020-08-18 14:58:34,763:INFO:Initializing Fold 5
2020-08-18 14:58:34,778:INFO:Fitting Model
2020-08-18 14:58:34,835:INFO:Evaluating Metrics
2020-08-18 14:58:34,835:WARNING:model has no predict_proba attribute. pred_prob set to 0.00
2020-08-18 14:58:34,841:WARNING:model has no predict_proba attribute. AUC set to 0.00
2020-08-18 14:58:34,850:INFO:Compiling Metrics
2020-08-18 14:58:34,868:INFO:Initializing Fold 6
2020-08-18 14:58:34,892:INFO:Fitting Model
2020-08-18 14:58:34,985:INFO:Evaluating Metrics
2020-08-18 14:58:34,986:WARNING:model has no predict_proba attribute. pred_prob set to 0.00
2020-08-18 14:58:35,013:WARNING:model has no predict_proba attribute. AUC set to 0.00
2020-08-18 14:58:35,034:INFO:Compiling Metrics
2020-08-18 14:58:35,050:INFO:Initializing Fold 7
2020-08-18 14:58:35,086:INFO:Fitting Model
2020-08-18 14:58:35,140:INFO:Evaluating Metrics
2020-08-18 14:58:35,140:WARNING:model has no predict_proba attribute. pred_prob set to 0.00
2020-08-18 14:58:35,150:WARNING:model has no predict_proba attribute. AUC set to 0.00
2020-08-18 14:58:35,156:INFO:Compiling Metrics
2020-08-18 14:58:35,168:INFO:Initializing Fold 8
2020-08-18 14:58:35,188:INFO:Fitting Model
2020-08-18 14:58:35,249:INFO:Evaluating Metrics
2020-08-18 14:58:35,249:WARNING:model has no predict_proba attribute. pred_prob set to 0.00
2020-08-18 14:58:35,254:WARNING:model has no predict_proba attribute. AUC set to 0.00
2020-08-18 14:58:35,259:INFO:Compiling Metrics
2020-08-18 14:58:35,274:INFO:Initializing Fold 9
2020-08-18 14:58:35,296:INFO:Fitting Model
2020-08-18 14:58:35,344:INFO:Evaluating Metrics
2020-08-18 14:58:35,344:WARNING:model has no predict_proba attribute. pred_prob set to 0.00
2020-08-18 14:58:35,351:WARNING:model has no predict_proba attribute. AUC set to 0.00
2020-08-18 14:58:35,359:INFO:Compiling Metrics
2020-08-18 14:58:35,375:INFO:Initializing Fold 10
2020-08-18 14:58:35,403:INFO:Fitting Model
2020-08-18 14:58:35,548:INFO:Evaluating Metrics
2020-08-18 14:58:35,548:WARNING:model has no predict_proba attribute. pred_prob set to 0.00
2020-08-18 14:58:35,554:WARNING:model has no predict_proba attribute. AUC set to 0.00
2020-08-18 14:58:35,560:INFO:Compiling Metrics
2020-08-18 14:58:35,571:INFO:Calculating mean and std
2020-08-18 14:58:35,572:INFO:Creating metrics dataframe
2020-08-18 14:58:35,589:INFO:Initializing Random Forest Classifier
2020-08-18 14:58:35,599:INFO:Initializing Fold 1
2020-08-18 14:58:35,616:INFO:Fitting Model
2020-08-18 14:58:35,738:INFO:Evaluating Metrics
2020-08-18 14:58:35,965:INFO:Compiling Metrics
2020-08-18 14:58:35,975:INFO:Initializing Fold 2
2020-08-18 14:58:35,995:INFO:Fitting Model
2020-08-18 14:58:36,215:INFO:Evaluating Metrics
2020-08-18 14:58:36,435:INFO:Compiling Metrics
2020-08-18 14:58:36,442:INFO:Initializing Fold 3
2020-08-18 14:58:36,456:INFO:Fitting Model
2020-08-18 14:58:36,572:INFO:Evaluating Metrics
2020-08-18 14:58:36,800:INFO:Compiling Metrics
2020-08-18 14:58:36,810:INFO:Initializing Fold 4
2020-08-18 14:58:36,826:INFO:Fitting Model
2020-08-18 14:58:36,947:INFO:Evaluating Metrics
2020-08-18 14:58:37,182:INFO:Compiling Metrics
2020-08-18 14:58:37,193:INFO:Initializing Fold 5
2020-08-18 14:58:37,207:INFO:Fitting Model
2020-08-18 14:58:37,324:INFO:Evaluating Metrics
2020-08-18 14:58:37,569:INFO:Compiling Metrics
2020-08-18 14:58:37,582:INFO:Initializing Fold 6
2020-08-18 14:58:37,600:INFO:Fitting Model
2020-08-18 14:58:37,822:INFO:Evaluating Metrics
2020-08-18 14:58:38,049:INFO:Compiling Metrics
2020-08-18 14:58:38,064:INFO:Initializing Fold 7
2020-08-18 14:58:38,084:INFO:Fitting Model
2020-08-18 14:58:38,205:INFO:Evaluating Metrics
2020-08-18 14:58:38,439:INFO:Compiling Metrics
2020-08-18 14:58:38,449:INFO:Initializing Fold 8
2020-08-18 14:58:38,463:INFO:Fitting Model
2020-08-18 14:58:38,576:INFO:Evaluating Metrics
2020-08-18 14:58:38,798:INFO:Compiling Metrics
2020-08-18 14:58:38,805:INFO:Initializing Fold 9
2020-08-18 14:58:38,820:INFO:Fitting Model
2020-08-18 14:58:38,940:INFO:Evaluating Metrics
2020-08-18 14:58:39,160:INFO:Compiling Metrics
2020-08-18 14:58:39,169:INFO:Initializing Fold 10
2020-08-18 14:58:39,182:INFO:Fitting Model
2020-08-18 14:58:39,303:INFO:Evaluating Metrics
2020-08-18 14:58:39,530:INFO:Compiling Metrics
2020-08-18 14:58:39,542:INFO:Calculating mean and std
2020-08-18 14:58:39,543:INFO:Creating metrics dataframe
2020-08-18 14:58:39,560:INFO:Initializing Quadratic Discriminant Analysis
2020-08-18 14:58:39,570:INFO:Initializing Fold 1
2020-08-18 14:58:39,585:INFO:Fitting Model
2020-08-18 14:58:39,702:INFO:Evaluating Metrics
2020-08-18 14:58:39,728:INFO:Compiling Metrics
2020-08-18 14:58:39,739:INFO:Initializing Fold 2
2020-08-18 14:58:39,754:INFO:Fitting Model
2020-08-18 14:58:39,815:INFO:Evaluating Metrics
2020-08-18 14:58:39,840:INFO:Compiling Metrics
2020-08-18 14:58:39,851:INFO:Initializing Fold 3
2020-08-18 14:58:39,867:INFO:Fitting Model
2020-08-18 14:58:39,923:INFO:Evaluating Metrics
2020-08-18 14:58:39,948:INFO:Compiling Metrics
2020-08-18 14:58:39,958:INFO:Initializing Fold 4
2020-08-18 14:58:39,975:INFO:Fitting Model
2020-08-18 14:58:40,033:INFO:Evaluating Metrics
2020-08-18 14:58:40,059:INFO:Compiling Metrics
2020-08-18 14:58:40,070:INFO:Initializing Fold 5
2020-08-18 14:58:40,087:INFO:Fitting Model
2020-08-18 14:58:40,156:INFO:Evaluating Metrics
2020-08-18 14:58:40,182:INFO:Compiling Metrics
2020-08-18 14:58:40,194:INFO:Initializing Fold 6
2020-08-18 14:58:40,211:INFO:Fitting Model
2020-08-18 14:58:40,295:INFO:Evaluating Metrics
2020-08-18 14:58:40,319:INFO:Compiling Metrics
2020-08-18 14:58:40,333:INFO:Initializing Fold 7
2020-08-18 14:58:40,349:INFO:Fitting Model
2020-08-18 14:58:40,430:INFO:Evaluating Metrics
2020-08-18 14:58:40,455:INFO:Compiling Metrics
2020-08-18 14:58:40,467:INFO:Initializing Fold 8
2020-08-18 14:58:40,485:INFO:Fitting Model
2020-08-18 14:58:40,556:INFO:Evaluating Metrics
2020-08-18 14:58:40,585:INFO:Compiling Metrics
2020-08-18 14:58:40,596:INFO:Initializing Fold 9
2020-08-18 14:58:40,615:INFO:Fitting Model
2020-08-18 14:58:40,710:INFO:Evaluating Metrics
2020-08-18 14:58:40,737:INFO:Compiling Metrics
2020-08-18 14:58:40,749:INFO:Initializing Fold 10
2020-08-18 14:58:40,765:INFO:Fitting Model
2020-08-18 14:58:40,820:INFO:Evaluating Metrics
2020-08-18 14:58:40,843:INFO:Compiling Metrics
2020-08-18 14:58:40,854:INFO:Calculating mean and std
2020-08-18 14:58:40,854:INFO:Creating metrics dataframe
2020-08-18 14:58:40,871:INFO:Initializing Ada Boost Classifier
2020-08-18 14:58:40,879:INFO:Initializing Fold 1
2020-08-18 14:58:40,895:INFO:Fitting Model
2020-08-18 14:58:42,705:INFO:Evaluating Metrics
2020-08-18 14:58:42,761:INFO:Compiling Metrics
2020-08-18 14:58:42,771:INFO:Initializing Fold 2
2020-08-18 14:58:42,784:INFO:Fitting Model
2020-08-18 14:58:44,469:INFO:Evaluating Metrics
2020-08-18 14:58:44,534:INFO:Compiling Metrics
2020-08-18 14:58:44,543:INFO:Initializing Fold 3
2020-08-18 14:58:44,561:INFO:Fitting Model
2020-08-18 14:58:47,431:INFO:Evaluating Metrics
2020-08-18 14:58:47,542:INFO:Compiling Metrics
2020-08-18 14:58:47,559:INFO:Initializing Fold 4
2020-08-18 14:58:47,589:INFO:Fitting Model
2020-08-18 14:58:50,649:INFO:Evaluating Metrics
2020-08-18 14:58:50,777:INFO:Compiling Metrics
2020-08-18 14:58:50,790:INFO:Initializing Fold 5
2020-08-18 14:58:50,813:INFO:Fitting Model
2020-08-18 14:58:53,963:INFO:Evaluating Metrics
2020-08-18 14:58:54,140:INFO:Compiling Metrics
2020-08-18 14:58:54,162:INFO:Initializing Fold 6
2020-08-18 14:58:54,193:INFO:Fitting Model
2020-08-18 14:58:57,679:INFO:Evaluating Metrics
2020-08-18 14:58:57,818:INFO:Compiling Metrics
2020-08-18 14:58:57,838:INFO:Initializing Fold 7
2020-08-18 14:58:57,860:INFO:Fitting Model
2020-08-18 14:59:01,674:INFO:Evaluating Metrics
2020-08-18 14:59:01,783:INFO:Compiling Metrics
2020-08-18 14:59:01,796:INFO:Initializing Fold 8
2020-08-18 14:59:01,818:INFO:Fitting Model
2020-08-18 14:59:05,787:INFO:Evaluating Metrics
2020-08-18 14:59:05,893:INFO:Compiling Metrics
2020-08-18 14:59:05,907:INFO:Initializing Fold 9
2020-08-18 14:59:05,928:INFO:Fitting Model
2020-08-18 14:59:10,140:INFO:Evaluating Metrics
2020-08-18 14:59:10,294:INFO:Compiling Metrics
2020-08-18 14:59:10,318:INFO:Initializing Fold 10
2020-08-18 14:59:10,347:INFO:Fitting Model
2020-08-18 14:59:16,515:INFO:Evaluating Metrics
2020-08-18 14:59:16,936:INFO:Compiling Metrics
2020-08-18 14:59:16,984:INFO:Calculating mean and std
2020-08-18 14:59:16,986:INFO:Creating metrics dataframe
2020-08-18 14:59:17,069:INFO:Initializing Gradient Boosting Classifier
2020-08-18 14:59:17,112:INFO:Initializing Fold 1
2020-08-18 14:59:17,236:INFO:Fitting Model
2020-08-18 14:59:38,039:INFO:Evaluating Metrics
2020-08-18 14:59:38,112:INFO:Compiling Metrics
2020-08-18 14:59:38,146:INFO:Initializing Fold 2
2020-08-18 14:59:38,194:INFO:Fitting Model
2020-08-18 14:59:53,885:INFO:Evaluating Metrics
2020-08-18 14:59:53,925:INFO:Compiling Metrics
2020-08-18 14:59:53,942:INFO:Initializing Fold 3
2020-08-18 14:59:53,969:INFO:Fitting Model
2020-08-18 15:00:07,682:INFO:Evaluating Metrics
2020-08-18 15:00:07,713:INFO:Compiling Metrics
2020-08-18 15:00:07,728:INFO:Initializing Fold 4
2020-08-18 15:00:07,750:INFO:Fitting Model
2020-08-18 15:00:21,158:INFO:Evaluating Metrics
2020-08-18 15:00:21,181:INFO:Compiling Metrics
2020-08-18 15:00:21,192:INFO:Initializing Fold 5
2020-08-18 15:00:21,208:INFO:Fitting Model
2020-08-18 15:00:33,584:INFO:Evaluating Metrics
2020-08-18 15:00:33,613:INFO:Compiling Metrics
2020-08-18 15:00:33,627:INFO:Initializing Fold 6
2020-08-18 15:00:33,647:INFO:Fitting Model
2020-08-18 15:00:48,559:INFO:Evaluating Metrics
2020-08-18 15:00:48,592:INFO:Compiling Metrics
2020-08-18 15:00:48,608:INFO:Initializing Fold 7
2020-08-18 15:00:48,634:INFO:Fitting Model
2020-08-18 15:01:02,671:INFO:Evaluating Metrics
2020-08-18 15:01:02,701:INFO:Compiling Metrics
2020-08-18 15:01:02,716:INFO:Initializing Fold 8
2020-08-18 15:01:02,742:INFO:Fitting Model
2020-08-18 15:01:15,690:INFO:Evaluating Metrics
2020-08-18 15:01:15,715:INFO:Compiling Metrics
2020-08-18 15:01:15,727:INFO:Initializing Fold 9
2020-08-18 15:01:15,746:INFO:Fitting Model
2020-08-18 15:01:28,777:INFO:Evaluating Metrics
2020-08-18 15:01:28,819:INFO:Compiling Metrics
2020-08-18 15:01:28,833:INFO:Initializing Fold 10
2020-08-18 15:01:28,856:INFO:Fitting Model
2020-08-18 15:01:41,805:INFO:Evaluating Metrics
2020-08-18 15:01:41,835:INFO:Compiling Metrics
2020-08-18 15:01:41,850:INFO:Calculating mean and std
2020-08-18 15:01:41,850:INFO:Creating metrics dataframe
2020-08-18 15:01:41,880:INFO:Initializing Linear Discriminant Analysis
2020-08-18 15:01:41,894:INFO:Initializing Fold 1
2020-08-18 15:01:41,917:INFO:Fitting Model
2020-08-18 15:01:42,249:INFO:Evaluating Metrics
2020-08-18 15:01:42,279:INFO:Compiling Metrics
2020-08-18 15:01:42,302:INFO:Initializing Fold 2
2020-08-18 15:01:42,337:INFO:Fitting Model
2020-08-18 15:01:42,723:INFO:Evaluating Metrics
2020-08-18 15:01:42,746:INFO:Compiling Metrics
2020-08-18 15:01:42,764:INFO:Initializing Fold 3
2020-08-18 15:01:42,791:INFO:Fitting Model
2020-08-18 15:01:43,215:INFO:Evaluating Metrics
2020-08-18 15:01:43,266:INFO:Compiling Metrics
2020-08-18 15:01:43,299:INFO:Initializing Fold 4
2020-08-18 15:01:43,337:INFO:Fitting Model
2020-08-18 15:01:43,779:INFO:Evaluating Metrics
2020-08-18 15:01:43,804:INFO:Compiling Metrics
2020-08-18 15:01:43,825:INFO:Initializing Fold 5
2020-08-18 15:01:43,853:INFO:Fitting Model
2020-08-18 15:01:44,190:INFO:Evaluating Metrics
2020-08-18 15:01:44,215:INFO:Compiling Metrics
2020-08-18 15:01:44,235:INFO:Initializing Fold 6
2020-08-18 15:01:44,269:INFO:Fitting Model
2020-08-18 15:01:44,607:INFO:Evaluating Metrics
2020-08-18 15:01:44,637:INFO:Compiling Metrics
2020-08-18 15:01:44,663:INFO:Initializing Fold 7
2020-08-18 15:01:44,692:INFO:Fitting Model
2020-08-18 15:01:44,996:INFO:Evaluating Metrics
2020-08-18 15:01:45,015:INFO:Compiling Metrics
2020-08-18 15:01:45,029:INFO:Initializing Fold 8
2020-08-18 15:01:45,050:INFO:Fitting Model
2020-08-18 15:01:45,327:INFO:Evaluating Metrics
2020-08-18 15:01:45,350:INFO:Compiling Metrics
2020-08-18 15:01:45,366:INFO:Initializing Fold 9
2020-08-18 15:01:45,394:INFO:Fitting Model
2020-08-18 15:01:45,654:INFO:Evaluating Metrics
2020-08-18 15:01:45,675:INFO:Compiling Metrics
2020-08-18 15:01:45,689:INFO:Initializing Fold 10
2020-08-18 15:01:45,716:INFO:Fitting Model
2020-08-18 15:01:46,009:INFO:Evaluating Metrics
2020-08-18 15:01:46,032:INFO:Compiling Metrics
2020-08-18 15:01:46,050:INFO:Calculating mean and std
2020-08-18 15:01:46,051:INFO:Creating metrics dataframe
2020-08-18 15:01:46,079:INFO:Initializing Extra Trees Classifier
2020-08-18 15:01:46,094:INFO:Initializing Fold 1
2020-08-18 15:01:46,117:INFO:Fitting Model
2020-08-18 15:01:47,367:INFO:Evaluating Metrics
2020-08-18 15:01:47,602:INFO:Compiling Metrics
2020-08-18 15:01:47,616:INFO:Initializing Fold 2
2020-08-18 15:01:47,641:INFO:Fitting Model
2020-08-18 15:01:48,972:INFO:Evaluating Metrics
2020-08-18 15:01:49,220:INFO:Compiling Metrics
2020-08-18 15:01:49,238:INFO:Initializing Fold 3
2020-08-18 15:01:49,275:INFO:Fitting Model
2020-08-18 15:01:50,449:INFO:Evaluating Metrics
2020-08-18 15:01:50,682:INFO:Compiling Metrics
2020-08-18 15:01:50,701:INFO:Initializing Fold 4
2020-08-18 15:01:50,731:INFO:Fitting Model
2020-08-18 15:01:51,911:INFO:Evaluating Metrics
2020-08-18 15:01:52,144:INFO:Compiling Metrics
2020-08-18 15:01:52,158:INFO:Initializing Fold 5
2020-08-18 15:01:52,179:INFO:Fitting Model
2020-08-18 15:01:53,217:INFO:Evaluating Metrics
2020-08-18 15:01:53,455:INFO:Compiling Metrics
2020-08-18 15:01:53,473:INFO:Initializing Fold 6
2020-08-18 15:01:53,492:INFO:Fitting Model
2020-08-18 15:01:54,675:INFO:Evaluating Metrics
2020-08-18 15:01:54,908:INFO:Compiling Metrics
2020-08-18 15:01:54,922:INFO:Initializing Fold 7
2020-08-18 15:01:54,945:INFO:Fitting Model
2020-08-18 15:01:56,094:INFO:Evaluating Metrics
2020-08-18 15:01:56,324:INFO:Compiling Metrics
2020-08-18 15:01:56,338:INFO:Initializing Fold 8
2020-08-18 15:01:56,360:INFO:Fitting Model
2020-08-18 15:01:57,631:INFO:Evaluating Metrics
2020-08-18 15:01:57,877:INFO:Compiling Metrics
2020-08-18 15:01:57,894:INFO:Initializing Fold 9
2020-08-18 15:01:57,919:INFO:Fitting Model
2020-08-18 15:01:59,376:INFO:Evaluating Metrics
2020-08-18 15:01:59,630:INFO:Compiling Metrics
2020-08-18 15:01:59,651:INFO:Initializing Fold 10
2020-08-18 15:01:59,680:INFO:Fitting Model
2020-08-18 15:02:01,069:INFO:Evaluating Metrics
2020-08-18 15:02:01,313:INFO:Compiling Metrics
2020-08-18 15:02:01,332:INFO:Calculating mean and std
2020-08-18 15:02:01,333:INFO:Creating metrics dataframe
2020-08-18 15:02:01,365:INFO:Initializing Extreme Gradient Boosting
2020-08-18 15:02:01,380:INFO:Initializing Fold 1
2020-08-18 15:02:01,404:INFO:Fitting Model
2020-08-18 15:02:07,067:INFO:Evaluating Metrics
2020-08-18 15:02:07,139:INFO:Compiling Metrics
2020-08-18 15:02:07,163:INFO:Initializing Fold 2
2020-08-18 15:02:07,200:INFO:Fitting Model
2020-08-18 15:02:12,516:INFO:Evaluating Metrics
2020-08-18 15:02:12,593:INFO:Compiling Metrics
2020-08-18 15:02:12,617:INFO:Initializing Fold 3
2020-08-18 15:02:12,652:INFO:Fitting Model
2020-08-18 15:02:18,351:INFO:Evaluating Metrics
2020-08-18 15:02:18,424:INFO:Compiling Metrics
2020-08-18 15:02:18,448:INFO:Initializing Fold 4
2020-08-18 15:02:18,486:INFO:Fitting Model
2020-08-18 15:02:23,926:INFO:Evaluating Metrics
2020-08-18 15:02:24,034:INFO:Compiling Metrics
2020-08-18 15:02:24,064:INFO:Initializing Fold 5
2020-08-18 15:02:24,107:INFO:Fitting Model
2020-08-18 15:02:29,005:INFO:Evaluating Metrics
2020-08-18 15:02:29,071:INFO:Compiling Metrics
2020-08-18 15:02:29,095:INFO:Initializing Fold 6
2020-08-18 15:02:29,131:INFO:Fitting Model
2020-08-18 15:02:36,723:INFO:Evaluating Metrics
2020-08-18 15:02:36,826:INFO:Compiling Metrics
2020-08-18 15:02:36,856:INFO:Initializing Fold 7
2020-08-18 15:02:36,895:INFO:Fitting Model
2020-08-18 15:02:43,701:INFO:Evaluating Metrics
2020-08-18 15:02:43,769:INFO:Compiling Metrics
2020-08-18 15:02:43,797:INFO:Initializing Fold 8
2020-08-18 15:02:43,836:INFO:Fitting Model
2020-08-18 15:02:49,583:INFO:Evaluating Metrics
2020-08-18 15:02:49,648:INFO:Compiling Metrics
2020-08-18 15:02:49,671:INFO:Initializing Fold 9
2020-08-18 15:02:49,705:INFO:Fitting Model
2020-08-18 15:02:55,029:INFO:Evaluating Metrics
2020-08-18 15:02:55,102:INFO:Compiling Metrics
2020-08-18 15:02:55,127:INFO:Initializing Fold 10
2020-08-18 15:02:55,164:INFO:Fitting Model
2020-08-18 15:03:02,261:INFO:Evaluating Metrics
2020-08-18 15:03:02,373:INFO:Compiling Metrics
2020-08-18 15:03:02,408:INFO:Calculating mean and std
2020-08-18 15:03:02,409:INFO:Creating metrics dataframe
2020-08-18 15:03:02,474:INFO:Initializing Light Gradient Boosting Machine
2020-08-18 15:03:02,507:INFO:Initializing Fold 1
2020-08-18 15:03:02,563:INFO:Fitting Model
2020-08-18 15:03:03,486:INFO:Evaluating Metrics
2020-08-18 15:03:03,552:INFO:Compiling Metrics
2020-08-18 15:03:03,578:INFO:Initializing Fold 2
2020-08-18 15:03:03,615:INFO:Fitting Model
2020-08-18 15:03:04,415:INFO:Evaluating Metrics
2020-08-18 15:03:04,473:INFO:Compiling Metrics
2020-08-18 15:03:04,496:INFO:Initializing Fold 3
2020-08-18 15:03:04,530:INFO:Fitting Model
2020-08-18 15:03:05,314:INFO:Evaluating Metrics
2020-08-18 15:03:05,378:INFO:Compiling Metrics
2020-08-18 15:03:05,404:INFO:Initializing Fold 4
2020-08-18 15:03:05,440:INFO:Fitting Model
2020-08-18 15:03:06,053:INFO:Evaluating Metrics
2020-08-18 15:03:06,111:INFO:Compiling Metrics
2020-08-18 15:03:06,135:INFO:Initializing Fold 5
2020-08-18 15:03:06,168:INFO:Fitting Model
2020-08-18 15:03:06,757:INFO:Evaluating Metrics
2020-08-18 15:03:06,811:INFO:Compiling Metrics
2020-08-18 15:03:06,834:INFO:Initializing Fold 6
2020-08-18 15:03:06,866:INFO:Fitting Model
2020-08-18 15:03:07,477:INFO:Evaluating Metrics
2020-08-18 15:03:07,531:INFO:Compiling Metrics
2020-08-18 15:03:07,553:INFO:Initializing Fold 7
2020-08-18 15:03:07,585:INFO:Fitting Model
2020-08-18 15:03:08,231:INFO:Evaluating Metrics
2020-08-18 15:03:08,286:INFO:Compiling Metrics
2020-08-18 15:03:08,309:INFO:Initializing Fold 8
2020-08-18 15:03:08,342:INFO:Fitting Model
2020-08-18 15:03:08,934:INFO:Evaluating Metrics
2020-08-18 15:03:08,984:INFO:Compiling Metrics
2020-08-18 15:03:09,005:INFO:Initializing Fold 9
2020-08-18 15:03:09,037:INFO:Fitting Model
2020-08-18 15:03:09,639:INFO:Evaluating Metrics
2020-08-18 15:03:09,704:INFO:Compiling Metrics
2020-08-18 15:03:09,728:INFO:Initializing Fold 10
2020-08-18 15:03:09,759:INFO:Fitting Model
2020-08-18 15:03:10,348:INFO:Evaluating Metrics
2020-08-18 15:03:10,406:INFO:Compiling Metrics
2020-08-18 15:03:10,427:INFO:Calculating mean and std
2020-08-18 15:03:10,428:INFO:Creating metrics dataframe
2020-08-18 15:03:10,470:INFO:Initializing CatBoost Classifier
2020-08-18 15:03:10,488:INFO:Initializing Fold 1
2020-08-18 15:03:10,512:INFO:Fitting Model
2020-08-18 15:03:55,046:INFO:Evaluating Metrics
2020-08-18 15:03:55,090:INFO:Compiling Metrics
2020-08-18 15:03:55,111:INFO:Initializing Fold 2
2020-08-18 15:03:55,139:INFO:Fitting Model
2020-08-18 15:04:24,237:INFO:Evaluating Metrics
2020-08-18 15:04:24,279:INFO:Compiling Metrics
2020-08-18 15:04:24,300:INFO:Initializing Fold 3
2020-08-18 15:04:24,329:INFO:Fitting Model
2020-08-18 15:04:57,741:INFO:Evaluating Metrics
2020-08-18 15:04:57,785:INFO:Compiling Metrics
2020-08-18 15:04:57,802:INFO:Initializing Fold 4
2020-08-18 15:04:57,835:INFO:Fitting Model
2020-08-18 15:05:31,938:INFO:Evaluating Metrics
2020-08-18 15:05:32,007:INFO:Compiling Metrics
2020-08-18 15:05:32,040:INFO:Initializing Fold 5
2020-08-18 15:05:32,087:INFO:Fitting Model
2020-08-18 15:06:03,805:INFO:Evaluating Metrics
2020-08-18 15:06:03,858:INFO:Compiling Metrics
2020-08-18 15:06:03,886:INFO:Initializing Fold 6
2020-08-18 15:06:03,925:INFO:Fitting Model
2020-08-18 15:06:35,509:INFO:Evaluating Metrics
2020-08-18 15:06:35,547:INFO:Compiling Metrics
2020-08-18 15:06:35,568:INFO:Initializing Fold 7
2020-08-18 15:06:35,603:INFO:Fitting Model
2020-08-18 15:07:11,006:INFO:Evaluating Metrics
2020-08-18 15:07:11,056:INFO:Compiling Metrics
2020-08-18 15:07:11,079:INFO:Initializing Fold 8
2020-08-18 15:07:11,121:INFO:Fitting Model
2020-08-18 15:07:48,484:INFO:Evaluating Metrics
2020-08-18 15:07:48,560:INFO:Compiling Metrics
2020-08-18 15:07:48,594:INFO:Initializing Fold 9
2020-08-18 15:07:48,641:INFO:Fitting Model
2020-08-18 15:08:18,929:INFO:Evaluating Metrics
2020-08-18 15:08:19,002:INFO:Compiling Metrics
2020-08-18 15:08:19,034:INFO:Initializing Fold 10
2020-08-18 15:08:19,088:INFO:Fitting Model
2020-08-18 15:08:53,423:INFO:Evaluating Metrics
2020-08-18 15:08:53,485:INFO:Compiling Metrics
2020-08-18 15:08:53,515:INFO:Calculating mean and std
2020-08-18 15:08:53,516:INFO:Creating metrics dataframe
2020-08-18 15:08:53,604:INFO:Finalizing top_n models
2020-08-18 15:08:53,605:INFO:SubProcess create_model() called ==================================
2020-08-18 15:08:53,647:INFO:Initializing create_model()
2020-08-18 15:08:53,648:INFO:create_model(estimator=ridge, ensemble=False, method=None, fold=10, round=4, cross_validation=True, verbose=False, system=False)
2020-08-18 15:08:53,648:INFO:Checking exceptions
2020-08-18 15:08:53,648:INFO:Preloading libraries
2020-08-18 15:08:53,649:INFO:Preparing display monitor
2020-08-18 15:08:53,689:INFO:Copying training dataset
2020-08-18 15:08:53,705:INFO:Importing libraries
2020-08-18 15:08:53,708:INFO:Defining folds
2020-08-18 15:08:53,709:INFO:Declaring metric variables
2020-08-18 15:08:53,710:INFO:Importing untrained model
2020-08-18 15:08:53,712:INFO:Ridge Classifier Imported succesfully
2020-08-18 15:08:53,713:INFO:Checking ensemble method
2020-08-18 15:08:53,727:INFO:Initializing Fold 1
2020-08-18 15:08:53,755:INFO:Fitting Model
2020-08-18 15:08:53,877:INFO:Evaluating Metrics
2020-08-18 15:08:53,877:WARNING:model has no predict_proba attribute. pred_prob set to 0.00
2020-08-18 15:08:53,894:WARNING:model has no predict_proba attribute. AUC to 0.00
2020-08-18 15:08:53,908:INFO:Compiling Metrics
2020-08-18 15:08:53,944:INFO:Initializing Fold 2
2020-08-18 15:08:53,970:INFO:Fitting Model
2020-08-18 15:08:54,067:INFO:Evaluating Metrics
2020-08-18 15:08:54,067:WARNING:model has no predict_proba attribute. pred_prob set to 0.00
2020-08-18 15:08:54,079:WARNING:model has no predict_proba attribute. AUC to 0.00
2020-08-18 15:08:54,090:INFO:Compiling Metrics
2020-08-18 15:08:54,120:INFO:Initializing Fold 3
2020-08-18 15:08:54,143:INFO:Fitting Model
2020-08-18 15:08:54,235:INFO:Evaluating Metrics
2020-08-18 15:08:54,236:WARNING:model has no predict_proba attribute. pred_prob set to 0.00
2020-08-18 15:08:54,248:WARNING:model has no predict_proba attribute. AUC to 0.00
2020-08-18 15:08:54,259:INFO:Compiling Metrics
2020-08-18 15:08:54,288:INFO:Initializing Fold 4
2020-08-18 15:08:54,313:INFO:Fitting Model
2020-08-18 15:08:54,406:INFO:Evaluating Metrics
2020-08-18 15:08:54,406:WARNING:model has no predict_proba attribute. pred_prob set to 0.00
2020-08-18 15:08:54,418:WARNING:model has no predict_proba attribute. AUC to 0.00
2020-08-18 15:08:54,429:INFO:Compiling Metrics
2020-08-18 15:08:54,458:INFO:Initializing Fold 5
2020-08-18 15:08:54,482:INFO:Fitting Model
2020-08-18 15:08:54,576:INFO:Evaluating Metrics
2020-08-18 15:08:54,576:WARNING:model has no predict_proba attribute. pred_prob set to 0.00
2020-08-18 15:08:54,589:WARNING:model has no predict_proba attribute. AUC to 0.00
2020-08-18 15:08:54,600:INFO:Compiling Metrics
2020-08-18 15:08:54,629:INFO:Initializing Fold 6
2020-08-18 15:08:54,653:INFO:Fitting Model
2020-08-18 15:08:54,749:INFO:Evaluating Metrics
2020-08-18 15:08:54,749:WARNING:model has no predict_proba attribute. pred_prob set to 0.00
2020-08-18 15:08:54,760:WARNING:model has no predict_proba attribute. AUC to 0.00
2020-08-18 15:08:54,772:INFO:Compiling Metrics
2020-08-18 15:08:54,803:INFO:Initializing Fold 7
2020-08-18 15:08:54,828:INFO:Fitting Model
2020-08-18 15:08:54,922:INFO:Evaluating Metrics
2020-08-18 15:08:54,923:WARNING:model has no predict_proba attribute. pred_prob set to 0.00
2020-08-18 15:08:54,934:WARNING:model has no predict_proba attribute. AUC to 0.00
2020-08-18 15:08:54,944:INFO:Compiling Metrics
2020-08-18 15:08:54,970:INFO:Initializing Fold 8
2020-08-18 15:08:54,994:INFO:Fitting Model
2020-08-18 15:08:55,086:INFO:Evaluating Metrics
2020-08-18 15:08:55,086:WARNING:model has no predict_proba attribute. pred_prob set to 0.00
2020-08-18 15:08:55,098:WARNING:model has no predict_proba attribute. AUC to 0.00
2020-08-18 15:08:55,109:INFO:Compiling Metrics
2020-08-18 15:08:55,140:INFO:Initializing Fold 9
2020-08-18 15:08:55,166:INFO:Fitting Model
2020-08-18 15:08:55,290:INFO:Evaluating Metrics
2020-08-18 15:08:55,290:WARNING:model has no predict_proba attribute. pred_prob set to 0.00
2020-08-18 15:08:55,311:WARNING:model has no predict_proba attribute. AUC to 0.00
2020-08-18 15:08:55,325:INFO:Compiling Metrics
2020-08-18 15:08:55,363:INFO:Initializing Fold 10
2020-08-18 15:08:55,396:INFO:Fitting Model
2020-08-18 15:08:55,522:INFO:Evaluating Metrics
2020-08-18 15:08:55,522:WARNING:model has no predict_proba attribute. pred_prob set to 0.00
2020-08-18 15:08:55,540:WARNING:model has no predict_proba attribute. AUC to 0.00
2020-08-18 15:08:55,556:INFO:Compiling Metrics
2020-08-18 15:08:55,594:INFO:Calculating mean and std
2020-08-18 15:08:55,601:INFO:Creating metrics dataframe
2020-08-18 15:08:55,624:INFO:Finalizing model
2020-08-18 15:08:55,751:INFO:Uploading results into container
2020-08-18 15:08:55,752:INFO:Uploading model into container now
2020-08-18 15:08:55,752:INFO:create_model_container: 1
2020-08-18 15:08:55,752:INFO:master_model_container: 1
2020-08-18 15:08:55,753:INFO:display_container: 1
2020-08-18 15:08:55,758:INFO:RidgeClassifier(alpha=1.0, class_weight=None, copy_X=True, fit_intercept=True,
                max_iter=None, normalize=False, random_state=123, solver='auto',
                tol=0.001)
2020-08-18 15:08:55,758:INFO:create_model() succesfully completed......................................
2020-08-18 15:08:55,764:INFO:SubProcess create_model() end ==================================
2020-08-18 15:08:56,017:INFO:create_model_container: 1
2020-08-18 15:08:56,017:INFO:master_model_container: 1
2020-08-18 15:08:56,018:INFO:display_container: 2
2020-08-18 15:08:56,019:INFO:RidgeClassifier(alpha=1.0, class_weight=None, copy_X=True, fit_intercept=True,
                max_iter=None, normalize=False, random_state=123, solver='auto',
                tol=0.001)
2020-08-18 15:08:56,020:INFO:compare_models() succesfully completed......................................
